TRACE: 2021/05/14 17:02:48 TRACE: inited.
INFO: 2021/05/14 17:02:48 INFO: inited.
WARNING: 2021/05/14 17:02:48 WARNING: inited.
ERROR: 2021/05/14 17:02:48 ERROR: inited.
TRACE: 2021/05/14 17:02:48 TRACE: inited.
INFO: 2021/05/14 17:02:48 INFO: inited.
WARNING: 2021/05/14 17:02:48 WARNING: inited.
ERROR: 2021/05/14 17:02:48 ERROR: inited.
TRACE: 2021/05/14 17:07:48 2021-05-14 17:07	Uptime(days):0.00
TRACE: 2021/05/14 17:12:48 2021-05-14 17:12	Uptime(days):0.01
TRACE: 2021/05/14 17:17:48 2021-05-14 17:17	Uptime(days):0.01
TRACE: 2021/05/14 17:22:48 2021-05-14 17:22	Uptime(days):0.01
TRACE: 2021/05/14 17:27:48 2021-05-14 17:27	Uptime(days):0.02
TRACE: 2021/05/14 17:32:48 2021-05-14 17:32	Uptime(days):0.02
TRACE: 2021/05/14 17:37:48 2021-05-14 17:37	Uptime(days):0.02
TRACE: 2021/05/14 17:38:51 TRACE: inited.
INFO: 2021/05/14 17:38:51 INFO: inited.
WARNING: 2021/05/14 17:38:51 WARNING: inited.
ERROR: 2021/05/14 17:38:51 ERROR: inited.
TRACE: 2021/05/14 17:38:51 TRACE: inited.
INFO: 2021/05/14 17:38:51 INFO: inited.
WARNING: 2021/05/14 17:38:51 WARNING: inited.
ERROR: 2021/05/14 17:38:51 ERROR: inited.
TRACE: 2021/05/14 17:43:51 2021-05-14 17:43	Uptime(days):0.00
TRACE: 2021/05/14 17:48:51 2021-05-14 17:48	Uptime(days):0.01
TRACE: 2021/05/14 17:53:51 2021-05-14 17:53	Uptime(days):0.01
TRACE: 2021/05/14 17:58:51 2021-05-14 17:58	Uptime(days):0.01
TRACE: 2021/05/14 18:03:51 2021-05-14 18:03	Uptime(days):0.02
TRACE: 2021/05/14 18:07:33 TRACE: inited.
INFO: 2021/05/14 18:07:33 INFO: inited.
WARNING: 2021/05/14 18:07:33 WARNING: inited.
ERROR: 2021/05/14 18:07:33 ERROR: inited.
TRACE: 2021/05/14 18:07:33 TRACE: inited.
INFO: 2021/05/14 18:07:33 INFO: inited.
WARNING: 2021/05/14 18:07:33 WARNING: inited.
ERROR: 2021/05/14 18:07:33 ERROR: inited.
TRACE: 2021/05/14 18:12:33 2021-05-14 18:12	Uptime(days):0.00
TRACE: 2021/05/14 18:16:46 TRACE: inited.
INFO: 2021/05/14 18:16:46 INFO: inited.
WARNING: 2021/05/14 18:16:46 WARNING: inited.
ERROR: 2021/05/14 18:16:46 ERROR: inited.
TRACE: 2021/05/14 18:16:46 TRACE: inited.
INFO: 2021/05/14 18:16:46 INFO: inited.
WARNING: 2021/05/14 18:16:46 WARNING: inited.
ERROR: 2021/05/14 18:16:46 ERROR: inited.
TRACE: 2021/05/14 18:21:46 2021-05-14 18:21	Uptime(days):0.00
TRACE: 2021/05/14 18:26:46 2021-05-14 18:26	Uptime(days):0.01
TRACE: 2021/05/14 18:31:46 2021-05-14 18:31	Uptime(days):0.01
TRACE: 2021/05/14 18:36:46 2021-05-14 18:36	Uptime(days):0.01
TRACE: 2021/05/14 18:41:46 2021-05-14 18:41	Uptime(days):0.02
TRACE: 2021/05/14 18:46:46 2021-05-14 18:46	Uptime(days):0.02
TRACE: 2021/05/14 18:51:46 2021-05-14 18:51	Uptime(days):0.02
TRACE: 2021/05/14 18:56:46 2021-05-14 18:56	Uptime(days):0.03
TRACE: 2021/05/14 19:01:46 2021-05-14 19:01	Uptime(days):0.03
TRACE: 2021/05/14 19:06:46 2021-05-14 19:06	Uptime(days):0.03
TRACE: 2021/05/14 19:11:46 2021-05-14 19:11	Uptime(days):0.04
TRACE: 2021/05/14 19:15:18 TRACE: inited.
INFO: 2021/05/14 19:15:18 INFO: inited.
WARNING: 2021/05/14 19:15:18 WARNING: inited.
ERROR: 2021/05/14 19:15:18 ERROR: inited.
TRACE: 2021/05/14 19:15:18 TRACE: inited.
INFO: 2021/05/14 19:15:18 INFO: inited.
WARNING: 2021/05/14 19:15:18 WARNING: inited.
ERROR: 2021/05/14 19:15:18 ERROR: inited.
TRACE: 2021/05/14 19:16:09 TRACE: inited.
INFO: 2021/05/14 19:16:09 INFO: inited.
WARNING: 2021/05/14 19:16:09 WARNING: inited.
ERROR: 2021/05/14 19:16:09 ERROR: inited.
TRACE: 2021/05/14 19:16:09 TRACE: inited.
INFO: 2021/05/14 19:16:09 INFO: inited.
WARNING: 2021/05/14 19:16:09 WARNING: inited.
ERROR: 2021/05/14 19:16:09 ERROR: inited.
TRACE: 2021/05/14 19:18:01 TRACE: inited.
INFO: 2021/05/14 19:18:01 INFO: inited.
WARNING: 2021/05/14 19:18:01 WARNING: inited.
ERROR: 2021/05/14 19:18:01 ERROR: inited.
TRACE: 2021/05/14 19:18:01 TRACE: inited.
INFO: 2021/05/14 19:18:01 INFO: inited.
WARNING: 2021/05/14 19:18:01 WARNING: inited.
ERROR: 2021/05/14 19:18:01 ERROR: inited.
TRACE: 2021/05/14 19:20:12 TRACE: inited.
INFO: 2021/05/14 19:20:12 INFO: inited.
WARNING: 2021/05/14 19:20:12 WARNING: inited.
ERROR: 2021/05/14 19:20:12 ERROR: inited.
TRACE: 2021/05/14 19:20:12 TRACE: inited.
INFO: 2021/05/14 19:20:12 INFO: inited.
WARNING: 2021/05/14 19:20:12 WARNING: inited.
ERROR: 2021/05/14 19:20:12 ERROR: inited.
TRACE: 2021/05/14 19:25:07 TRACE: inited.
INFO: 2021/05/14 19:25:07 INFO: inited.
WARNING: 2021/05/14 19:25:07 WARNING: inited.
ERROR: 2021/05/14 19:25:07 ERROR: inited.
TRACE: 2021/05/14 19:25:07 TRACE: inited.
INFO: 2021/05/14 19:25:07 INFO: inited.
WARNING: 2021/05/14 19:25:07 WARNING: inited.
ERROR: 2021/05/14 19:25:07 ERROR: inited.
TRACE: 2021/05/14 19:30:07 2021-05-14 19:30	Uptime(days):0.00
TRACE: 2021/05/14 19:35:07 2021-05-14 19:35	Uptime(days):0.01
TRACE: 2021/05/14 19:40:07 2021-05-14 19:40	Uptime(days):0.01
TRACE: 2021/05/14 19:43:38 TRACE: inited.
INFO: 2021/05/14 19:43:38 INFO: inited.
WARNING: 2021/05/14 19:43:38 WARNING: inited.
ERROR: 2021/05/14 19:43:38 ERROR: inited.
TRACE: 2021/05/14 19:43:38 TRACE: inited.
INFO: 2021/05/14 19:43:38 INFO: inited.
WARNING: 2021/05/14 19:43:38 WARNING: inited.
ERROR: 2021/05/14 19:43:38 ERROR: inited.
TRACE: 2021/05/14 19:47:36 TRACE: inited.
INFO: 2021/05/14 19:47:36 INFO: inited.
WARNING: 2021/05/14 19:47:36 WARNING: inited.
ERROR: 2021/05/14 19:47:36 ERROR: inited.
TRACE: 2021/05/14 19:47:36 TRACE: inited.
INFO: 2021/05/14 19:47:36 INFO: inited.
WARNING: 2021/05/14 19:47:36 WARNING: inited.
ERROR: 2021/05/14 19:47:36 ERROR: inited.
TRACE: 2021/05/14 19:51:58 TRACE: inited.
INFO: 2021/05/14 19:51:58 INFO: inited.
WARNING: 2021/05/14 19:51:58 WARNING: inited.
ERROR: 2021/05/14 19:51:58 ERROR: inited.
TRACE: 2021/05/14 19:51:58 TRACE: inited.
INFO: 2021/05/14 19:51:58 INFO: inited.
WARNING: 2021/05/14 19:51:58 WARNING: inited.
ERROR: 2021/05/14 19:51:58 ERROR: inited.
TRACE: 2021/05/14 19:56:58 2021-05-14 19:56	Uptime(days):0.00
TRACE: 2021/05/14 19:57:40 TRACE: inited.
INFO: 2021/05/14 19:57:40 INFO: inited.
WARNING: 2021/05/14 19:57:40 WARNING: inited.
ERROR: 2021/05/14 19:57:40 ERROR: inited.
TRACE: 2021/05/14 19:57:40 TRACE: inited.
INFO: 2021/05/14 19:57:40 INFO: inited.
WARNING: 2021/05/14 19:57:40 WARNING: inited.
ERROR: 2021/05/14 19:57:40 ERROR: inited.
TRACE: 2021/05/14 20:02:03 TRACE: inited.
INFO: 2021/05/14 20:02:03 INFO: inited.
WARNING: 2021/05/14 20:02:03 WARNING: inited.
ERROR: 2021/05/14 20:02:03 ERROR: inited.
TRACE: 2021/05/14 20:02:03 TRACE: inited.
INFO: 2021/05/14 20:02:03 INFO: inited.
WARNING: 2021/05/14 20:02:03 WARNING: inited.
ERROR: 2021/05/14 20:02:03 ERROR: inited.
TRACE: 2021/05/14 20:04:39 TRACE: inited.
INFO: 2021/05/14 20:04:39 INFO: inited.
WARNING: 2021/05/14 20:04:39 WARNING: inited.
ERROR: 2021/05/14 20:04:39 ERROR: inited.
TRACE: 2021/05/14 20:04:39 TRACE: inited.
INFO: 2021/05/14 20:04:39 INFO: inited.
WARNING: 2021/05/14 20:04:39 WARNING: inited.
ERROR: 2021/05/14 20:04:39 ERROR: inited.
TRACE: 2021/05/14 20:09:11 TRACE: inited.
INFO: 2021/05/14 20:09:11 INFO: inited.
WARNING: 2021/05/14 20:09:11 WARNING: inited.
ERROR: 2021/05/14 20:09:11 ERROR: inited.
TRACE: 2021/05/14 20:09:11 TRACE: inited.
INFO: 2021/05/14 20:09:11 INFO: inited.
WARNING: 2021/05/14 20:09:11 WARNING: inited.
ERROR: 2021/05/14 20:09:11 ERROR: inited.
TRACE: 2021/05/14 20:11:32 TRACE: inited.
INFO: 2021/05/14 20:11:32 INFO: inited.
WARNING: 2021/05/14 20:11:32 WARNING: inited.
ERROR: 2021/05/14 20:11:32 ERROR: inited.
TRACE: 2021/05/14 20:11:32 TRACE: inited.
INFO: 2021/05/14 20:11:32 INFO: inited.
WARNING: 2021/05/14 20:11:32 WARNING: inited.
ERROR: 2021/05/14 20:11:32 ERROR: inited.
TRACE: 2021/05/14 20:12:59 TRACE: inited.
INFO: 2021/05/14 20:12:59 INFO: inited.
WARNING: 2021/05/14 20:12:59 WARNING: inited.
ERROR: 2021/05/14 20:12:59 ERROR: inited.
TRACE: 2021/05/14 20:12:59 TRACE: inited.
INFO: 2021/05/14 20:12:59 INFO: inited.
WARNING: 2021/05/14 20:12:59 WARNING: inited.
ERROR: 2021/05/14 20:12:59 ERROR: inited.
TRACE: 2021/05/14 20:17:59 2021-05-14 20:17	Uptime(days):0.00
TRACE: 2021/05/14 20:22:59 2021-05-14 20:22	Uptime(days):0.01
TRACE: 2021/05/14 20:27:59 2021-05-14 20:27	Uptime(days):0.01
TRACE: 2021/05/14 20:32:59 2021-05-14 20:32	Uptime(days):0.01
TRACE: 2021/05/14 20:37:59 2021-05-14 20:37	Uptime(days):0.02
TRACE: 2021/05/14 20:42:59 2021-05-14 20:42	Uptime(days):0.02
TRACE: 2021/05/14 20:47:59 2021-05-14 20:47	Uptime(days):0.02
TRACE: 2021/05/14 20:52:59 2021-05-14 20:52	Uptime(days):0.03
TRACE: 2021/05/14 20:57:59 2021-05-14 20:57	Uptime(days):0.03
TRACE: 2021/05/14 21:02:59 2021-05-14 21:02	Uptime(days):0.03
TRACE: 2021/05/14 21:07:59 2021-05-14 21:07	Uptime(days):0.04
TRACE: 2021/05/14 21:12:59 2021-05-14 21:12	Uptime(days):0.04
TRACE: 2021/05/14 21:17:59 2021-05-14 21:17	Uptime(days):0.05
TRACE: 2021/05/14 21:22:59 2021-05-14 21:22	Uptime(days):0.05
TRACE: 2021/05/14 21:26:42 TRACE: inited.
INFO: 2021/05/14 21:26:42 INFO: inited.
WARNING: 2021/05/14 21:26:42 WARNING: inited.
ERROR: 2021/05/14 21:26:42 ERROR: inited.
TRACE: 2021/05/14 21:26:42 TRACE: inited.
INFO: 2021/05/14 21:26:42 INFO: inited.
WARNING: 2021/05/14 21:26:42 WARNING: inited.
ERROR: 2021/05/14 21:26:42 ERROR: inited.
TRACE: 2021/05/14 21:31:42 2021-05-14 21:31	Uptime(days):0.00
TRACE: 2021/05/14 21:36:42 2021-05-14 21:36	Uptime(days):0.01
TRACE: 2021/05/14 21:41:42 2021-05-14 21:41	Uptime(days):0.01
TRACE: 2021/05/14 21:44:42 TRACE: inited.
INFO: 2021/05/14 21:44:42 INFO: inited.
WARNING: 2021/05/14 21:44:42 WARNING: inited.
ERROR: 2021/05/14 21:44:42 ERROR: inited.
TRACE: 2021/05/14 21:44:42 TRACE: inited.
INFO: 2021/05/14 21:44:42 INFO: inited.
WARNING: 2021/05/14 21:44:42 WARNING: inited.
ERROR: 2021/05/14 21:44:42 ERROR: inited.
TRACE: 2021/05/14 21:47:36 TRACE: inited.
INFO: 2021/05/14 21:47:36 INFO: inited.
WARNING: 2021/05/14 21:47:36 WARNING: inited.
ERROR: 2021/05/14 21:47:36 ERROR: inited.
TRACE: 2021/05/14 21:47:36 TRACE: inited.
INFO: 2021/05/14 21:47:36 INFO: inited.
WARNING: 2021/05/14 21:47:36 WARNING: inited.
ERROR: 2021/05/14 21:47:36 ERROR: inited.
TRACE: 2021/05/14 21:50:59 TRACE: inited.
INFO: 2021/05/14 21:50:59 INFO: inited.
WARNING: 2021/05/14 21:50:59 WARNING: inited.
ERROR: 2021/05/14 21:50:59 ERROR: inited.
TRACE: 2021/05/14 21:50:59 TRACE: inited.
INFO: 2021/05/14 21:50:59 INFO: inited.
WARNING: 2021/05/14 21:50:59 WARNING: inited.
ERROR: 2021/05/14 21:50:59 ERROR: inited.
TRACE: 2021/05/14 21:52:30 TRACE: inited.
INFO: 2021/05/14 21:52:30 INFO: inited.
WARNING: 2021/05/14 21:52:30 WARNING: inited.
ERROR: 2021/05/14 21:52:30 ERROR: inited.
TRACE: 2021/05/14 21:52:30 TRACE: inited.
INFO: 2021/05/14 21:52:30 INFO: inited.
WARNING: 2021/05/14 21:52:30 WARNING: inited.
ERROR: 2021/05/14 21:52:30 ERROR: inited.
TRACE: 2021/05/14 21:53:02 TRACE: inited.
INFO: 2021/05/14 21:53:02 INFO: inited.
WARNING: 2021/05/14 21:53:02 WARNING: inited.
ERROR: 2021/05/14 21:53:02 ERROR: inited.
TRACE: 2021/05/14 21:53:02 TRACE: inited.
INFO: 2021/05/14 21:53:02 INFO: inited.
WARNING: 2021/05/14 21:53:02 WARNING: inited.
ERROR: 2021/05/14 21:53:02 ERROR: inited.
TRACE: 2021/05/14 21:53:34 TRACE: inited.
INFO: 2021/05/14 21:53:34 INFO: inited.
WARNING: 2021/05/14 21:53:34 WARNING: inited.
ERROR: 2021/05/14 21:53:34 ERROR: inited.
TRACE: 2021/05/14 21:53:34 TRACE: inited.
INFO: 2021/05/14 21:53:34 INFO: inited.
WARNING: 2021/05/14 21:53:34 WARNING: inited.
ERROR: 2021/05/14 21:53:34 ERROR: inited.
TRACE: 2021/05/14 21:58:34 2021-05-14 21:58	Uptime(days):0.00
TRACE: 2021/05/14 22:03:34 2021-05-14 22:03	Uptime(days):0.01
TRACE: 2021/05/14 22:08:34 2021-05-14 22:08	Uptime(days):0.01
TRACE: 2021/05/14 22:13:34 2021-05-14 22:13	Uptime(days):0.01
TRACE: 2021/05/14 22:15:08 TRACE: inited.
INFO: 2021/05/14 22:15:08 INFO: inited.
WARNING: 2021/05/14 22:15:08 WARNING: inited.
ERROR: 2021/05/14 22:15:08 ERROR: inited.
TRACE: 2021/05/14 22:15:08 TRACE: inited.
INFO: 2021/05/14 22:15:08 INFO: inited.
WARNING: 2021/05/14 22:15:08 WARNING: inited.
ERROR: 2021/05/14 22:15:08 ERROR: inited.
TRACE: 2021/05/14 22:18:30 TRACE: inited.
INFO: 2021/05/14 22:18:30 INFO: inited.
WARNING: 2021/05/14 22:18:30 WARNING: inited.
ERROR: 2021/05/14 22:18:30 ERROR: inited.
TRACE: 2021/05/14 22:18:30 TRACE: inited.
INFO: 2021/05/14 22:18:30 INFO: inited.
WARNING: 2021/05/14 22:18:30 WARNING: inited.
ERROR: 2021/05/14 22:18:30 ERROR: inited.
TRACE: 2021/05/14 22:23:30 2021-05-14 22:23	Uptime(days):0.00
TRACE: 2021/05/14 22:26:08 TRACE: inited.
INFO: 2021/05/14 22:26:08 INFO: inited.
WARNING: 2021/05/14 22:26:08 WARNING: inited.
ERROR: 2021/05/14 22:26:08 ERROR: inited.
TRACE: 2021/05/14 22:26:08 TRACE: inited.
INFO: 2021/05/14 22:26:08 INFO: inited.
WARNING: 2021/05/14 22:26:08 WARNING: inited.
ERROR: 2021/05/14 22:26:08 ERROR: inited.
TRACE: 2021/05/14 22:28:30 TRACE: inited.
INFO: 2021/05/14 22:28:30 INFO: inited.
WARNING: 2021/05/14 22:28:30 WARNING: inited.
ERROR: 2021/05/14 22:28:30 ERROR: inited.
TRACE: 2021/05/14 22:28:30 TRACE: inited.
INFO: 2021/05/14 22:28:30 INFO: inited.
WARNING: 2021/05/14 22:28:30 WARNING: inited.
ERROR: 2021/05/14 22:28:30 ERROR: inited.
TRACE: 2021/05/14 22:33:30 2021-05-14 22:33	Uptime(days):0.00
TRACE: 2021/05/14 22:35:04 TRACE: inited.
INFO: 2021/05/14 22:35:04 INFO: inited.
WARNING: 2021/05/14 22:35:04 WARNING: inited.
ERROR: 2021/05/14 22:35:04 ERROR: inited.
TRACE: 2021/05/14 22:35:04 TRACE: inited.
INFO: 2021/05/14 22:35:04 INFO: inited.
WARNING: 2021/05/14 22:35:04 WARNING: inited.
ERROR: 2021/05/14 22:35:04 ERROR: inited.
TRACE: 2021/05/14 22:40:04 2021-05-14 22:40	Uptime(days):0.00
TRACE: 2021/05/14 22:45:04 2021-05-14 22:45	Uptime(days):0.01
TRACE: 2021/05/14 22:50:04 2021-05-14 22:50	Uptime(days):0.01
TRACE: 2021/05/14 22:55:04 2021-05-14 22:55	Uptime(days):0.01
TRACE: 2021/05/14 23:00:04 2021-05-14 23:00	Uptime(days):0.02
