TRACE: 2021/04/16 18:58:36 TRACE: inited.
INFO: 2021/04/16 18:58:36 INFO: inited.
WARNING: 2021/04/16 18:58:36 WARNING: inited.
ERROR: 2021/04/16 18:58:36 ERROR: inited.
TRACE: 2021/04/16 19:01:14 TRACE: inited.
INFO: 2021/04/16 19:01:14 INFO: inited.
WARNING: 2021/04/16 19:01:14 WARNING: inited.
ERROR: 2021/04/16 19:01:14 ERROR: inited.
TRACE: 2021/04/16 19:01:56 TRACE: inited.
INFO: 2021/04/16 19:01:56 INFO: inited.
WARNING: 2021/04/16 19:01:56 WARNING: inited.
ERROR: 2021/04/16 19:01:56 ERROR: inited.
TRACE: 2021/04/16 19:01:56 TRACE: inited.
INFO: 2021/04/16 19:01:56 INFO: inited.
WARNING: 2021/04/16 19:01:56 WARNING: inited.
ERROR: 2021/04/16 19:01:56 ERROR: inited.
TRACE: 2021/04/16 19:01:56 Database opened
TRACE: 2021/04/16 19:01:56 Listening at port 5000
TRACE: 2021/04/16 19:02:51 GET/sessions
TRACE: 2021/04/16 19:03:34 /api/v1/goschool/course/YODA123
TRACE: 2021/04/16 19:03:34 START: 20210416-0001
TRACE: 2021/04/16 19:03:34 END: 20210416-0001
TRACE: 2021/04/16 19:03:51 /api/v1/goschool/course/YODA123
TRACE: 2021/04/16 19:04:07 /api/v1/goschool/course/YODA123
TRACE: 2021/04/16 19:04:24 /api/v1/goschool/course/YODA123
TRACE: 2021/04/16 19:04:24 START: 20210416-0002
ERROR: 2021/04/16 19:04:24 Error 1062: Duplicate entry 'YODA123' for key 'PRIMARY'
TRACE: 2021/04/16 19:04:24 END: 20210416-0002
TRACE: 2021/04/16 19:04:43 /api/v1/goschool/course/YODA123
TRACE: 2021/04/16 19:04:43 START: 20210416-0003
TRACE: 2021/04/16 19:04:44 END: 20210416-0003
TRACE: 2021/04/16 19:04:51 /api/v1/goschool/course/YODA123
TRACE: 2021/04/16 19:04:51 START: 20210416-0004
TRACE: 2021/04/16 19:04:51 END: 20210416-0004
TRACE: 2021/04/16 19:05:02 /api/v1/goschool/course/YODA123
TRACE: 2021/04/16 19:05:02 START: 20210416-0005
TRACE: 2021/04/16 19:05:02 END: 20210416-0005
TRACE: 2021/04/16 19:05:07 /api/v1/goschool/course/YODA123
TRACE: 2021/04/16 19:05:07 START: 20210416-0006
TRACE: 2021/04/16 19:05:07 END: 20210416-0006
TRACE: 2021/04/16 19:05:55 /api/v1/goschool/courses
TRACE: 2021/04/16 19:05:55 START: 20210416-0007
TRACE: 2021/04/16 19:05:55 END: 20210416-0007
TRACE: 2021/04/16 19:06:56 2021-04-16 19:06	Uptime(days):0.00
TRACE: 2021/04/16 19:08:41 GET/sessions
TRACE: 2021/04/16 19:08:52 GET/sessions
TRACE: 2021/04/16 19:08:58 GET/sessions
TRACE: 2021/04/16 19:09:00 GET/sessions
TRACE: 2021/04/16 19:09:02 GET/sessions
TRACE: 2021/04/16 19:11:56 2021-04-16 19:11	Uptime(days):0.01
TRACE: 2021/04/16 19:16:56 2021-04-16 19:16	Uptime(days):0.01
TRACE: 2021/04/16 19:21:56 2021-04-16 19:21	Uptime(days):0.01
TRACE: 2021/04/16 19:26:57 2021-04-16 19:26	Uptime(days):0.02
TRACE: 2021/04/16 19:31:57 2021-04-16 19:31	Uptime(days):0.02
TRACE: 2021/04/16 19:36:57 2021-04-16 19:36	Uptime(days):0.02
TRACE: 2021/04/16 19:41:57 2021-04-16 19:41	Uptime(days):0.03
TRACE: 2021/04/16 19:46:57 2021-04-16 19:46	Uptime(days):0.03
TRACE: 2021/04/16 19:51:57 2021-04-16 19:51	Uptime(days):0.03
TRACE: 2021/04/16 19:56:57 2021-04-16 19:56	Uptime(days):0.04
TRACE: 2021/04/16 20:01:57 2021-04-16 20:01	Uptime(days):0.04
TRACE: 2021/04/16 20:06:57 2021-04-16 20:06	Uptime(days):0.05
